Analysis & Synthesis report for gpu
Sun Aug 02 17:18:11 2020
Quartus Prime Version 19.1.0 Build 670 09/22/2019 Patches 0.02std SJ Lite Edition


---------------------
; Table of Contents ;
---------------------
  1. Legal Notice
  2. Analysis & Synthesis Summary
  3. Analysis & Synthesis Settings
  4. Parallel Compilation
  5. Analysis & Synthesis Source Files Read
  6. Analysis & Synthesis Resource Usage Summary
  7. Analysis & Synthesis Resource Utilization by Entity
  8. Analysis & Synthesis RAM Summary
  9. Analysis & Synthesis IP Cores Summary
 10. State Machine - |layerRamTop|state
 11. Registers Removed During Synthesis
 12. Removed Registers Triggering Further Register Optimizations
 13. General Register Statistics
 14. Inverted Register Statistics
 15. Multiplexer Restructuring Statistics (Restructuring Performed)
 16. Source assignments for layerRamCache:inst_layerCache|sdram_cache:inst_cacheMem|altsyncram:altsyncram_component|altsyncram_99g1:auto_generated
 17. Parameter Settings for User Entity Instance: layerRamCache:inst_layerCache
 18. Parameter Settings for User Entity Instance: layerRamCache:inst_layerCache|sdram_cache:inst_cacheMem|altsyncram:altsyncram_component
 19. Parameter Settings for User Entity Instance: sdram_controller:inst_sdram
 20. altsyncram Parameter Settings by Entity Instance
 21. Port Connectivity Checks: "layerRamCache:inst_layerCache|sdram_cache:inst_cacheMem"
 22. Port Connectivity Checks: "layerRamCache:inst_layerCache"
 23. Post-Synthesis Netlist Statistics for Top Partition
 24. Elapsed Time Per Partition
 25. Analysis & Synthesis Messages
 26. Analysis & Synthesis Suppressed Messages



----------------
; Legal Notice ;
----------------
Copyright (C) 2019  Intel Corporation. All rights reserved.
Your use of Intel Corporation's design tools, logic functions 
and other software and tools, and any partner logic 
functions, and any output files from any of the foregoing 
(including device programming or simulation files), and any 
associated documentation or information are expressly subject 
to the terms and conditions of the Intel Program License 
Subscription Agreement, the Intel Quartus Prime License Agreement,
the Intel FPGA IP License Agreement, or other applicable license
agreement, including, without limitation, that your use is for
the sole purpose of programming logic devices manufactured by
Intel and sold by Intel or its authorized distributors.  Please
refer to the applicable agreement for further details, at
https://fpgasoftware.intel.com/eula.



+--------------------------------------------------------------------------------------------------+
; Analysis & Synthesis Summary                                                                     ;
+------------------------------------+-------------------------------------------------------------+
; Analysis & Synthesis Status        ; Successful - Sun Aug 02 17:18:11 2020                       ;
; Quartus Prime Version              ; 19.1.0 Build 670 09/22/2019 Patches 0.02std SJ Lite Edition ;
; Revision Name                      ; gpu                                                         ;
; Top-level Entity Name              ; layerRamTop                                                 ;
; Family                             ; Cyclone IV E                                                ;
; Total logic elements               ; 2,096                                                       ;
;     Total combinational functions  ; 1,176                                                       ;
;     Dedicated logic registers      ; 1,081                                                       ;
; Total registers                    ; 1081                                                        ;
; Total pins                         ; 125                                                         ;
; Total virtual pins                 ; 0                                                           ;
; Total memory bits                  ; 2,048                                                       ;
; Embedded Multiplier 9-bit elements ; 0                                                           ;
; Total PLLs                         ; 0                                                           ;
+------------------------------------+-------------------------------------------------------------+


+------------------------------------------------------------------------------------------------------------+
; Analysis & Synthesis Settings                                                                              ;
+------------------------------------------------------------------+--------------------+--------------------+
; Option                                                           ; Setting            ; Default Value      ;
+------------------------------------------------------------------+--------------------+--------------------+
; Device                                                           ; EP4CE22F17C6       ;                    ;
; Top-level entity name                                            ; layerRamTop        ; gpu                ;
; Family name                                                      ; Cyclone IV E       ; Cyclone V          ;
; Maximum processors allowed for parallel compilation              ; All                ;                    ;
; VHDL Show LMF Mapping Messages                                   ; Off                ;                    ;
; Verilog Show LMF Mapping Messages                                ; Off                ;                    ;
; Verilog Version                                                  ; SystemVerilog_2005 ; Verilog_2001       ;
; VHDL Version                                                     ; VHDL_2008          ; VHDL_1993          ;
; Use smart compilation                                            ; Off                ; Off                ;
; Enable parallel Assembler and Timing Analyzer during compilation ; On                 ; On                 ;
; Enable compact report table                                      ; Off                ; Off                ;
; Restructure Multiplexers                                         ; Auto               ; Auto               ;
; Create Debugging Nodes for IP Cores                              ; Off                ; Off                ;
; Preserve fewer node names                                        ; On                 ; On                 ;
; Intel FPGA IP Evaluation Mode                                    ; Enable             ; Enable             ;
; State Machine Processing                                         ; Auto               ; Auto               ;
; Safe State Machine                                               ; Off                ; Off                ;
; Extract Verilog State Machines                                   ; On                 ; On                 ;
; Extract VHDL State Machines                                      ; On                 ; On                 ;
; Ignore Verilog initial constructs                                ; Off                ; Off                ;
; Iteration limit for constant Verilog loops                       ; 5000               ; 5000               ;
; Iteration limit for non-constant Verilog loops                   ; 250                ; 250                ;
; Add Pass-Through Logic to Inferred RAMs                          ; On                 ; On                 ;
; Infer RAMs from Raw Logic                                        ; On                 ; On                 ;
; Parallel Synthesis                                               ; On                 ; On                 ;
; DSP Block Balancing                                              ; Auto               ; Auto               ;
; NOT Gate Push-Back                                               ; On                 ; On                 ;
; Power-Up Don't Care                                              ; On                 ; On                 ;
; Remove Redundant Logic Cells                                     ; Off                ; Off                ;
; Remove Duplicate Registers                                       ; On                 ; On                 ;
; Ignore CARRY Buffers                                             ; Off                ; Off                ;
; Ignore CASCADE Buffers                                           ; Off                ; Off                ;
; Ignore GLOBAL Buffers                                            ; Off                ; Off                ;
; Ignore ROW GLOBAL Buffers                                        ; Off                ; Off                ;
; Ignore LCELL Buffers                                             ; Off                ; Off                ;
; Ignore SOFT Buffers                                              ; On                 ; On                 ;
; Limit AHDL Integers to 32 Bits                                   ; Off                ; Off                ;
; Optimization Technique                                           ; Balanced           ; Balanced           ;
; Carry Chain Length                                               ; 70                 ; 70                 ;
; Auto Carry Chains                                                ; On                 ; On                 ;
; Auto Open-Drain Pins                                             ; On                 ; On                 ;
; Perform WYSIWYG Primitive Resynthesis                            ; Off                ; Off                ;
; Auto ROM Replacement                                             ; On                 ; On                 ;
; Auto RAM Replacement                                             ; On                 ; On                 ;
; Auto DSP Block Replacement                                       ; On                 ; On                 ;
; Auto Shift Register Replacement                                  ; Auto               ; Auto               ;
; Allow Shift Register Merging across Hierarchies                  ; Auto               ; Auto               ;
; Auto Clock Enable Replacement                                    ; On                 ; On                 ;
; Strict RAM Replacement                                           ; Off                ; Off                ;
; Allow Synchronous Control Signals                                ; On                 ; On                 ;
; Force Use of Synchronous Clear Signals                           ; Off                ; Off                ;
; Auto RAM Block Balancing                                         ; On                 ; On                 ;
; Auto RAM to Logic Cell Conversion                                ; Off                ; Off                ;
; Auto Resource Sharing                                            ; Off                ; Off                ;
; Allow Any RAM Size For Recognition                               ; Off                ; Off                ;
; Allow Any ROM Size For Recognition                               ; Off                ; Off                ;
; Allow Any Shift Register Size For Recognition                    ; Off                ; Off                ;
; Use LogicLock Constraints during Resource Balancing              ; On                 ; On                 ;
; Ignore translate_off and synthesis_off directives                ; Off                ; Off                ;
; Timing-Driven Synthesis                                          ; On                 ; On                 ;
; Report Parameter Settings                                        ; On                 ; On                 ;
; Report Source Assignments                                        ; On                 ; On                 ;
; Report Connectivity Checks                                       ; On                 ; On                 ;
; Ignore Maximum Fan-Out Assignments                               ; Off                ; Off                ;
; Synchronization Register Chain Length                            ; 2                  ; 2                  ;
; Power Optimization During Synthesis                              ; Normal compilation ; Normal compilation ;
; HDL message level                                                ; Level2             ; Level2             ;
; Suppress Register Optimization Related Messages                  ; Off                ; Off                ;
; Number of Removed Registers Reported in Synthesis Report         ; 5000               ; 5000               ;
; Number of Swept Nodes Reported in Synthesis Report               ; 5000               ; 5000               ;
; Number of Inverted Registers Reported in Synthesis Report        ; 100                ; 100                ;
; Clock MUX Protection                                             ; On                 ; On                 ;
; Auto Gated Clock Conversion                                      ; Off                ; Off                ;
; Block Design Naming                                              ; Auto               ; Auto               ;
; SDC constraint protection                                        ; Off                ; Off                ;
; Synthesis Effort                                                 ; Auto               ; Auto               ;
; Shift Register Replacement - Allow Asynchronous Clear Signal     ; On                 ; On                 ;
; Pre-Mapping Resynthesis Optimization                             ; Off                ; Off                ;
; Analysis & Synthesis Message Level                               ; Medium             ; Medium             ;
; Disable Register Merging Across Hierarchies                      ; Auto               ; Auto               ;
; Resource Aware Inference For Block RAM                           ; On                 ; On                 ;
+------------------------------------------------------------------+--------------------+--------------------+


+------------------------------------------+
; Parallel Compilation                     ;
+----------------------------+-------------+
; Processors                 ; Number      ;
+----------------------------+-------------+
; Number detected on machine ; 12          ;
; Maximum allowed            ; 12          ;
;                            ;             ;
; Average used               ; 1.01        ;
; Maximum used               ; 12          ;
;                            ;             ;
; Usage by Processor         ; % Time Used ;
;     Processor 1            ; 100.0%      ;
;     Processor 2            ;   0.1%      ;
;     Processor 3            ;   0.1%      ;
;     Processor 4            ;   0.1%      ;
;     Processor 5            ;   0.1%      ;
;     Processor 6            ;   0.1%      ;
;     Processor 7            ;   0.1%      ;
;     Processor 8            ;   0.1%      ;
;     Processors 9-12        ;   0.1%      ;
+----------------------------+-------------+


+----------------------------------------------------------------------------------------------------------------------------------------------------------------------------+
; Analysis & Synthesis Source Files Read                                                                                                                                     ;
+----------------------------------+-----------------+------------------------------+------------------------------------------------------------------------------+---------+
; File Name with User-Entered Path ; Used in Netlist ; File Type                    ; File Name with Absolute Path                                                 ; Library ;
+----------------------------------+-----------------+------------------------------+------------------------------------------------------------------------------+---------+
; pipe_4_layerRam/layerRamCache.sv ; yes             ; User SystemVerilog HDL File  ; D:/sparkboxHD/gpu_sv/pipe_4_layerRam/layerRamCache.sv                        ;         ;
; ip/sdram/sdram_controller.v      ; yes             ; User Verilog HDL File        ; D:/sparkboxHD/gpu_sv/ip/sdram/sdram_controller.v                             ;         ;
; pipe_4_layerRam/layerRamTop.sv   ; yes             ; User SystemVerilog HDL File  ; D:/sparkboxHD/gpu_sv/pipe_4_layerRam/layerRamTop.sv                          ;         ;
; ip/sdram/sdram_cache.v           ; yes             ; User Wizard-Generated File   ; D:/sparkboxHD/gpu_sv/ip/sdram/sdram_cache.v                                  ;         ;
; altsyncram.tdf                   ; yes             ; Megafunction                 ; c:/intelfpga_lite/19.1/quartus/libraries/megafunctions/altsyncram.tdf        ;         ;
; stratix_ram_block.inc            ; yes             ; Megafunction                 ; c:/intelfpga_lite/19.1/quartus/libraries/megafunctions/stratix_ram_block.inc ;         ;
; lpm_mux.inc                      ; yes             ; Megafunction                 ; c:/intelfpga_lite/19.1/quartus/libraries/megafunctions/lpm_mux.inc           ;         ;
; lpm_decode.inc                   ; yes             ; Megafunction                 ; c:/intelfpga_lite/19.1/quartus/libraries/megafunctions/lpm_decode.inc        ;         ;
; aglobal191.inc                   ; yes             ; Megafunction                 ; c:/intelfpga_lite/19.1/quartus/libraries/megafunctions/aglobal191.inc        ;         ;
; a_rdenreg.inc                    ; yes             ; Megafunction                 ; c:/intelfpga_lite/19.1/quartus/libraries/megafunctions/a_rdenreg.inc         ;         ;
; altrom.inc                       ; yes             ; Megafunction                 ; c:/intelfpga_lite/19.1/quartus/libraries/megafunctions/altrom.inc            ;         ;
; altram.inc                       ; yes             ; Megafunction                 ; c:/intelfpga_lite/19.1/quartus/libraries/megafunctions/altram.inc            ;         ;
; altdpram.inc                     ; yes             ; Megafunction                 ; c:/intelfpga_lite/19.1/quartus/libraries/megafunctions/altdpram.inc          ;         ;
; db/altsyncram_99g1.tdf           ; yes             ; Auto-Generated Megafunction  ; D:/sparkboxHD/gpu_sv/db/altsyncram_99g1.tdf                                  ;         ;
+----------------------------------+-----------------+------------------------------+------------------------------------------------------------------------------+---------+


+-----------------------------------------------------------+
; Analysis & Synthesis Resource Usage Summary               ;
+---------------------------------------------+-------------+
; Resource                                    ; Usage       ;
+---------------------------------------------+-------------+
; Estimated Total logic elements              ; 2,096       ;
;                                             ;             ;
; Total combinational functions               ; 1176        ;
; Logic element usage by number of LUT inputs ;             ;
;     -- 4 input functions                    ; 803         ;
;     -- 3 input functions                    ; 285         ;
;     -- <=2 input functions                  ; 88          ;
;                                             ;             ;
; Logic elements by mode                      ;             ;
;     -- normal mode                          ; 1052        ;
;     -- arithmetic mode                      ; 124         ;
;                                             ;             ;
; Total registers                             ; 1081        ;
;     -- Dedicated logic registers            ; 1081        ;
;     -- I/O registers                        ; 0           ;
;                                             ;             ;
; I/O pins                                    ; 125         ;
; Total memory bits                           ; 2048        ;
;                                             ;             ;
; Embedded Multiplier 9-bit elements          ; 0           ;
;                                             ;             ;
; Maximum fan-out node                        ; clk_n~input ;
; Maximum fan-out                             ; 1095        ;
; Total fan-out                               ; 8867        ;
; Average fan-out                             ; 3.49        ;
+---------------------------------------------+-------------+


+-------------------------------------------------------------------------------------------------------------------------------------------------------------------------------------------------------------------------------------------------------------------------------------------------------------------------------------------------+
; Analysis & Synthesis Resource Utilization by Entity                                                                                                                                                                                                                                                                                             ;
+----------------------------------------------+---------------------+---------------------------+-------------+--------------+---------+-----------+------+--------------+-------------------------------------------------------------------------------------------------------------------------------------+------------------+--------------+
; Compilation Hierarchy Node                   ; Combinational ALUTs ; Dedicated Logic Registers ; Memory Bits ; DSP Elements ; DSP 9x9 ; DSP 18x18 ; Pins ; Virtual Pins ; Full Hierarchy Name                                                                                                                 ; Entity Name      ; Library Name ;
+----------------------------------------------+---------------------+---------------------------+-------------+--------------+---------+-----------+------+--------------+-------------------------------------------------------------------------------------------------------------------------------------+------------------+--------------+
; |layerRamTop                                 ; 1176 (437)          ; 1081 (232)                ; 2048        ; 0            ; 0       ; 0         ; 125  ; 0            ; |layerRamTop                                                                                                                        ; layerRamTop      ; work         ;
;    |layerRamCache:inst_layerCache|           ; 586 (586)           ; 768 (768)                 ; 2048        ; 0            ; 0       ; 0         ; 0    ; 0            ; |layerRamTop|layerRamCache:inst_layerCache                                                                                          ; layerRamCache    ; work         ;
;       |sdram_cache:inst_cacheMem|            ; 0 (0)               ; 0 (0)                     ; 2048        ; 0            ; 0       ; 0         ; 0    ; 0            ; |layerRamTop|layerRamCache:inst_layerCache|sdram_cache:inst_cacheMem                                                                ; sdram_cache      ; work         ;
;          |altsyncram:altsyncram_component|   ; 0 (0)               ; 0 (0)                     ; 2048        ; 0            ; 0       ; 0         ; 0    ; 0            ; |layerRamTop|layerRamCache:inst_layerCache|sdram_cache:inst_cacheMem|altsyncram:altsyncram_component                                ; altsyncram       ; work         ;
;             |altsyncram_99g1:auto_generated| ; 0 (0)               ; 0 (0)                     ; 2048        ; 0            ; 0       ; 0         ; 0    ; 0            ; |layerRamTop|layerRamCache:inst_layerCache|sdram_cache:inst_cacheMem|altsyncram:altsyncram_component|altsyncram_99g1:auto_generated ; altsyncram_99g1  ; work         ;
;    |sdram_controller:inst_sdram|             ; 153 (153)           ; 81 (81)                   ; 0           ; 0            ; 0       ; 0         ; 0    ; 0            ; |layerRamTop|sdram_controller:inst_sdram                                                                                            ; sdram_controller ; work         ;
+----------------------------------------------+---------------------+---------------------------+-------------+--------------+---------+-----------+------+--------------+-------------------------------------------------------------------------------------------------------------------------------------+------------------+--------------+
Note: For table entries with two numbers listed, the numbers in parentheses indicate the number of resources of the given type used by the specific entity alone. The numbers listed outside of parentheses indicate the total resources of the given type used by the specific entity and all of its sub-entities in the hierarchy.


+-----------------------------------------------------------------------------------------------------------------------------------------------------------------------------------------------------------------------------------+
; Analysis & Synthesis RAM Summary                                                                                                                                                                                                  ;
+-----------------------------------------------------------------------------------------------------------------------------------+------+-------------+--------------+--------------+--------------+--------------+-------+------+
; Name                                                                                                                              ; Type ; Mode        ; Port A Depth ; Port A Width ; Port B Depth ; Port B Width ; Size  ; MIF  ;
+-----------------------------------------------------------------------------------------------------------------------------------+------+-------------+--------------+--------------+--------------+--------------+-------+------+
; layerRamCache:inst_layerCache|sdram_cache:inst_cacheMem|altsyncram:altsyncram_component|altsyncram_99g1:auto_generated|ALTSYNCRAM ; AUTO ; Single Port ; 1024         ; 16           ; --           ; --           ; 16384 ; None ;
+-----------------------------------------------------------------------------------------------------------------------------------+------+-------------+--------------+--------------+--------------+--------------+-------+------+


+---------------------------------------------------------------------------------------------------------------------------------------------------------------+
; Analysis & Synthesis IP Cores Summary                                                                                                                         ;
+--------+--------------+---------+--------------+--------------+----------------------------------------------------------------------+------------------------+
; Vendor ; IP Core Name ; Version ; Release Date ; License Type ; Entity Instance                                                      ; IP Include File        ;
+--------+--------------+---------+--------------+--------------+----------------------------------------------------------------------+------------------------+
; Altera ; RAM: 1-PORT  ; 19.1    ; N/A          ; N/A          ; |layerRamTop|layerRamCache:inst_layerCache|sdram_cache:inst_cacheMem ; ip/sdram/sdram_cache.v ;
+--------+--------------+---------+--------------+--------------+----------------------------------------------------------------------+------------------------+


Encoding Type:  One-Hot
+------------------------------------------------------------------------------------------------------------------------------------------------------------+
; State Machine - |layerRamTop|state                                                                                                                         ;
+------------------------------+------------------------------+-------------------------+------------------------+------------------+------------------------+
; Name                         ; state.STATE_SDRAM_READ_RESET ; state.STATE_SDRAM_WRITE ; state.STATE_CACHE_READ ; state.STATE_IDLE ; state.STATE_SDRAM_READ ;
+------------------------------+------------------------------+-------------------------+------------------------+------------------+------------------------+
; state.STATE_IDLE             ; 0                            ; 0                       ; 0                      ; 0                ; 0                      ;
; state.STATE_CACHE_READ       ; 0                            ; 0                       ; 1                      ; 1                ; 0                      ;
; state.STATE_SDRAM_WRITE      ; 0                            ; 1                       ; 0                      ; 1                ; 0                      ;
; state.STATE_SDRAM_READ       ; 0                            ; 0                       ; 0                      ; 1                ; 1                      ;
; state.STATE_SDRAM_READ_RESET ; 1                            ; 0                       ; 0                      ; 1                ; 0                      ;
+------------------------------+------------------------------+-------------------------+------------------------+------------------+------------------------+


+-----------------------------------------------------------------------------------------------+
; Registers Removed During Synthesis                                                            ;
+------------------------------------------+----------------------------------------------------+
; Register name                            ; Reason for Removal                                 ;
+------------------------------------------+----------------------------------------------------+
; sdram_controller:inst_sdram|command[2,6] ; Merged with sdram_controller:inst_sdram|command[1] ;
; sdram_controller:inst_sdram|command[1]   ; Stuck at GND due to stuck port data_in             ;
; sdram_controller:inst_sdram|command[7]   ; Stuck at VCC due to stuck port data_in             ;
; state~5                                  ; Lost fanout                                        ;
; state~6                                  ; Lost fanout                                        ;
; sdramAddressStart[0][24]                 ; Lost fanout                                        ;
; sdramAddressStart[1][24]                 ; Lost fanout                                        ;
; sdramAddressStart[2][24]                 ; Lost fanout                                        ;
; sdramAddressStart[3][24]                 ; Lost fanout                                        ;
; sdramAddressStart[4][24]                 ; Lost fanout                                        ;
; sdramAddressStart[5][24]                 ; Lost fanout                                        ;
; sdramAddressStart[6][24]                 ; Lost fanout                                        ;
; sdramAddressStart[7][24]                 ; Lost fanout                                        ;
; Total Number of Removed Registers = 14   ;                                                    ;
+------------------------------------------+----------------------------------------------------+


+-------------------------------------------------------------------------------------------------------------------------------+
; Removed Registers Triggering Further Register Optimizations                                                                   ;
+--------------------------+--------------------+-------------------------------------------------------------------------------+
; Register name            ; Reason for Removal ; Registers Removed due to This Register                                        ;
+--------------------------+--------------------+-------------------------------------------------------------------------------+
; sdramAddressStart[0][24] ; Lost Fanouts       ; sdramAddressStart[1][24], sdramAddressStart[2][24], sdramAddressStart[3][24], ;
;                          ;                    ; sdramAddressStart[5][24], sdramAddressStart[6][24], sdramAddressStart[7][24]  ;
+--------------------------+--------------------+-------------------------------------------------------------------------------+


+------------------------------------------------------+
; General Register Statistics                          ;
+----------------------------------------------+-------+
; Statistic                                    ; Value ;
+----------------------------------------------+-------+
; Total registers                              ; 1081  ;
; Number of registers using Synchronous Clear  ; 27    ;
; Number of registers using Synchronous Load   ; 30    ;
; Number of registers using Asynchronous Clear ; 1000  ;
; Number of registers using Asynchronous Load  ; 0     ;
; Number of registers using Clock Enable       ; 1036  ;
; Number of registers using Preset             ; 0     ;
+----------------------------------------------+-------+


+---------------------------------------------------+
; Inverted Register Statistics                      ;
+-----------------------------------------+---------+
; Inverted Register                       ; Fan out ;
+-----------------------------------------+---------+
; ctrl_nextAddressOffset[15]              ; 3       ;
; ctrl_nextAddressOffset[14]              ; 3       ;
; ctrl_nextAddressOffset[13]              ; 3       ;
; ctrl_nextAddressOffset[12]              ; 3       ;
; ctrl_nextAddressOffset[11]              ; 3       ;
; ctrl_nextAddressOffset[10]              ; 3       ;
; ctrl_nextAddressOffset[9]               ; 3       ;
; ctrl_nextAddressOffset[8]               ; 3       ;
; ctrl_nextAddressOffset[7]               ; 3       ;
; ctrl_nextAddressOffset[6]               ; 3       ;
; ctrl_nextAddressOffset[5]               ; 3       ;
; ctrl_nextAddressOffset[4]               ; 3       ;
; ctrl_nextAddressOffset[3]               ; 3       ;
; ctrl_nextAddressOffset[2]               ; 3       ;
; ctrl_nextAddressOffset[1]               ; 3       ;
; ctrl_nextAddressOffset[0]               ; 3       ;
; ctrl_nextAddressOffset[16]              ; 3       ;
; ctrl_nextAddressOffset[17]              ; 3       ;
; ctrl_nextAddressOffset[22]              ; 3       ;
; ctrl_nextAddressOffset[21]              ; 3       ;
; ctrl_nextAddressOffset[20]              ; 3       ;
; ctrl_nextAddressOffset[19]              ; 3       ;
; ctrl_nextAddressOffset[18]              ; 3       ;
; ctrl_nextAddressOffset[23]              ; 3       ;
; Total number of inverted registers = 24 ;         ;
+-----------------------------------------+---------+


+-----------------------------------------------------------------------------------------------------------------------------------------------------------------------+
; Multiplexer Restructuring Statistics (Restructuring Performed)                                                                                                        ;
+--------------------+-----------+---------------+----------------------+------------------------+------------+---------------------------------------------------------+
; Multiplexer Inputs ; Bus Width ; Baseline Area ; Area if Restructured ; Saving if Restructured ; Registered ; Example Multiplexer Output                              ;
+--------------------+-----------+---------------+----------------------+------------------------+------------+---------------------------------------------------------+
; 3:1                ; 16 bits   ; 32 LEs        ; 16 LEs               ; 16 LEs                 ; Yes        ; |layerRamTop|sdram_controller:inst_sdram|rd_data_r[14]  ;
; 3:1                ; 24 bits   ; 48 LEs        ; 24 LEs               ; 24 LEs                 ; Yes        ; |layerRamTop|sdram_controller:inst_sdram|haddr_r[2]     ;
; 3:1                ; 2 bits    ; 4 LEs         ; 4 LEs                ; 0 LEs                  ; Yes        ; |layerRamTop|sdram_controller:inst_sdram|state_cnt[1]   ;
; 3:1                ; 10 bits   ; 20 LEs        ; 10 LEs               ; 10 LEs                 ; Yes        ; |layerRamTop|sdram_controller:inst_sdram|refresh_cnt[3] ;
; 4:1                ; 3 bits    ; 6 LEs         ; 3 LEs                ; 3 LEs                  ; Yes        ; |layerRamTop|sdram_controller:inst_sdram|state[2]       ;
; 4:1                ; 3 bits    ; 6 LEs         ; 6 LEs                ; 0 LEs                  ; Yes        ; |layerRamTop|sdram_controller:inst_sdram|command[0]     ;
; 6:1                ; 3 bits    ; 12 LEs        ; 9 LEs                ; 3 LEs                  ; Yes        ; |layerRamTop|sdram_controller:inst_sdram|state[3]       ;
; 3:1                ; 16 bits   ; 32 LEs        ; 32 LEs               ; 0 LEs                  ; Yes        ; |layerRamTop|sdram_controller:inst_sdram|wr_data_r[5]   ;
; 3:1                ; 2 bits    ; 4 LEs         ; 2 LEs                ; 2 LEs                  ; No         ; |layerRamTop|sdram_controller:inst_sdram|addr[11]       ;
; 3:1                ; 2 bits    ; 4 LEs         ; 2 LEs                ; 2 LEs                  ; No         ; |layerRamTop|sdram_controller:inst_sdram|bank_addr[0]   ;
; 4:1                ; 7 bits    ; 14 LEs        ; 14 LEs               ; 0 LEs                  ; No         ; |layerRamTop|sdram_controller:inst_sdram|addr[1]        ;
; 4:1                ; 2 bits    ; 4 LEs         ; 4 LEs                ; 0 LEs                  ; No         ; |layerRamTop|sdram_controller:inst_sdram|addr[4]        ;
; 8:1                ; 24 bits   ; 120 LEs       ; 120 LEs              ; 0 LEs                  ; No         ; |layerRamTop|Mux70                                      ;
; 8:1                ; 25 bits   ; 125 LEs       ; 125 LEs              ; 0 LEs                  ; No         ; |layerRamTop|Mux38                                      ;
; 32:1               ; 24 bits   ; 504 LEs       ; 504 LEs              ; 0 LEs                  ; No         ; |layerRamTop|layerRamCache:inst_layerCache|Mux2         ;
+--------------------+-----------+---------------+----------------------+------------------------+------------+---------------------------------------------------------+


+-----------------------------------------------------------------------------------------------------------------------------------------------+
; Source assignments for layerRamCache:inst_layerCache|sdram_cache:inst_cacheMem|altsyncram:altsyncram_component|altsyncram_99g1:auto_generated ;
+---------------------------------+--------------------+------+---------------------------------------------------------------------------------+
; Assignment                      ; Value              ; From ; To                                                                              ;
+---------------------------------+--------------------+------+---------------------------------------------------------------------------------+
; OPTIMIZE_POWER_DURING_SYNTHESIS ; NORMAL_COMPILATION ; -    ; -                                                                               ;
+---------------------------------+--------------------+------+---------------------------------------------------------------------------------+


+----------------------------------------------------------------------------+
; Parameter Settings for User Entity Instance: layerRamCache:inst_layerCache ;
+------------------+-------+-------------------------------------------------+
; Parameter Name   ; Value ; Type                                            ;
+------------------+-------+-------------------------------------------------+
; ADDR_WIDTH_WORDS ; 24    ; Signed Integer                                  ;
; CACHE_DEPTH      ; 4     ; Signed Integer                                  ;
; MAX_LAYERS       ; 32    ; Signed Integer                                  ;
+------------------+-------+-------------------------------------------------+
Note: In order to hide this table in the UI and the text report file, please set the "Show Parameter Settings in Synthesis Report" option in "Analysis and Synthesis Settings -> More Settings" to "Off".


+--------------------------------------------------------------------------------------------------------------------------------------+
; Parameter Settings for User Entity Instance: layerRamCache:inst_layerCache|sdram_cache:inst_cacheMem|altsyncram:altsyncram_component ;
+------------------------------------+----------------------+--------------------------------------------------------------------------+
; Parameter Name                     ; Value                ; Type                                                                     ;
+------------------------------------+----------------------+--------------------------------------------------------------------------+
; BYTE_SIZE_BLOCK                    ; 8                    ; Untyped                                                                  ;
; AUTO_CARRY_CHAINS                  ; ON                   ; AUTO_CARRY                                                               ;
; IGNORE_CARRY_BUFFERS               ; OFF                  ; IGNORE_CARRY                                                             ;
; AUTO_CASCADE_CHAINS                ; ON                   ; AUTO_CASCADE                                                             ;
; IGNORE_CASCADE_BUFFERS             ; OFF                  ; IGNORE_CASCADE                                                           ;
; WIDTH_BYTEENA                      ; 1                    ; Untyped                                                                  ;
; OPERATION_MODE                     ; SINGLE_PORT          ; Untyped                                                                  ;
; WIDTH_A                            ; 16                   ; Signed Integer                                                           ;
; WIDTHAD_A                          ; 10                   ; Signed Integer                                                           ;
; NUMWORDS_A                         ; 1024                 ; Signed Integer                                                           ;
; OUTDATA_REG_A                      ; UNREGISTERED         ; Untyped                                                                  ;
; ADDRESS_ACLR_A                     ; NONE                 ; Untyped                                                                  ;
; OUTDATA_ACLR_A                     ; NONE                 ; Untyped                                                                  ;
; WRCONTROL_ACLR_A                   ; NONE                 ; Untyped                                                                  ;
; INDATA_ACLR_A                      ; NONE                 ; Untyped                                                                  ;
; BYTEENA_ACLR_A                     ; NONE                 ; Untyped                                                                  ;
; WIDTH_B                            ; 1                    ; Untyped                                                                  ;
; WIDTHAD_B                          ; 1                    ; Untyped                                                                  ;
; NUMWORDS_B                         ; 1                    ; Untyped                                                                  ;
; INDATA_REG_B                       ; CLOCK1               ; Untyped                                                                  ;
; WRCONTROL_WRADDRESS_REG_B          ; CLOCK1               ; Untyped                                                                  ;
; RDCONTROL_REG_B                    ; CLOCK1               ; Untyped                                                                  ;
; ADDRESS_REG_B                      ; CLOCK1               ; Untyped                                                                  ;
; OUTDATA_REG_B                      ; UNREGISTERED         ; Untyped                                                                  ;
; BYTEENA_REG_B                      ; CLOCK1               ; Untyped                                                                  ;
; INDATA_ACLR_B                      ; NONE                 ; Untyped                                                                  ;
; WRCONTROL_ACLR_B                   ; NONE                 ; Untyped                                                                  ;
; ADDRESS_ACLR_B                     ; NONE                 ; Untyped                                                                  ;
; OUTDATA_ACLR_B                     ; NONE                 ; Untyped                                                                  ;
; RDCONTROL_ACLR_B                   ; NONE                 ; Untyped                                                                  ;
; BYTEENA_ACLR_B                     ; NONE                 ; Untyped                                                                  ;
; WIDTH_BYTEENA_A                    ; 1                    ; Signed Integer                                                           ;
; WIDTH_BYTEENA_B                    ; 1                    ; Untyped                                                                  ;
; RAM_BLOCK_TYPE                     ; AUTO                 ; Untyped                                                                  ;
; BYTE_SIZE                          ; 8                    ; Untyped                                                                  ;
; READ_DURING_WRITE_MODE_MIXED_PORTS ; DONT_CARE            ; Untyped                                                                  ;
; READ_DURING_WRITE_MODE_PORT_A      ; NEW_DATA_NO_NBE_READ ; Untyped                                                                  ;
; READ_DURING_WRITE_MODE_PORT_B      ; NEW_DATA_NO_NBE_READ ; Untyped                                                                  ;
; INIT_FILE                          ; UNUSED               ; Untyped                                                                  ;
; INIT_FILE_LAYOUT                   ; PORT_A               ; Untyped                                                                  ;
; MAXIMUM_DEPTH                      ; 0                    ; Untyped                                                                  ;
; CLOCK_ENABLE_INPUT_A               ; BYPASS               ; Untyped                                                                  ;
; CLOCK_ENABLE_INPUT_B               ; NORMAL               ; Untyped                                                                  ;
; CLOCK_ENABLE_OUTPUT_A              ; BYPASS               ; Untyped                                                                  ;
; CLOCK_ENABLE_OUTPUT_B              ; NORMAL               ; Untyped                                                                  ;
; CLOCK_ENABLE_CORE_A                ; USE_INPUT_CLKEN      ; Untyped                                                                  ;
; CLOCK_ENABLE_CORE_B                ; USE_INPUT_CLKEN      ; Untyped                                                                  ;
; ENABLE_ECC                         ; FALSE                ; Untyped                                                                  ;
; ECC_PIPELINE_STAGE_ENABLED         ; FALSE                ; Untyped                                                                  ;
; WIDTH_ECCSTATUS                    ; 3                    ; Untyped                                                                  ;
; DEVICE_FAMILY                      ; Cyclone IV E         ; Untyped                                                                  ;
; CBXI_PARAMETER                     ; altsyncram_99g1      ; Untyped                                                                  ;
+------------------------------------+----------------------+--------------------------------------------------------------------------+
Note: In order to hide this table in the UI and the text report file, please set the "Show Parameter Settings in Synthesis Report" option in "Analysis and Synthesis Settings -> More Settings" to "Off".


+--------------------------------------------------------------------------+
; Parameter Settings for User Entity Instance: sdram_controller:inst_sdram ;
+----------------+-------+-------------------------------------------------+
; Parameter Name ; Value ; Type                                            ;
+----------------+-------+-------------------------------------------------+
; ROW_WIDTH      ; 13    ; Signed Integer                                  ;
; COL_WIDTH      ; 9     ; Signed Integer                                  ;
; BANK_WIDTH     ; 2     ; Signed Integer                                  ;
; SDRADDR_WIDTH  ; 13    ; Signed Integer                                  ;
; HADDR_WIDTH    ; 24    ; Signed Integer                                  ;
; CLK_FREQUENCY  ; 50    ; Signed Integer                                  ;
; REFRESH_TIME   ; 32    ; Signed Integer                                  ;
; REFRESH_COUNT  ; 8192  ; Signed Integer                                  ;
+----------------+-------+-------------------------------------------------+
Note: In order to hide this table in the UI and the text report file, please set the "Show Parameter Settings in Synthesis Report" option in "Analysis and Synthesis Settings -> More Settings" to "Off".


+-------------------------------------------------------------------------------------------------------------------------------------+
; altsyncram Parameter Settings by Entity Instance                                                                                    ;
+-------------------------------------------+-----------------------------------------------------------------------------------------+
; Name                                      ; Value                                                                                   ;
+-------------------------------------------+-----------------------------------------------------------------------------------------+
; Number of entity instances                ; 1                                                                                       ;
; Entity Instance                           ; layerRamCache:inst_layerCache|sdram_cache:inst_cacheMem|altsyncram:altsyncram_component ;
;     -- OPERATION_MODE                     ; SINGLE_PORT                                                                             ;
;     -- WIDTH_A                            ; 16                                                                                      ;
;     -- NUMWORDS_A                         ; 1024                                                                                    ;
;     -- OUTDATA_REG_A                      ; UNREGISTERED                                                                            ;
;     -- WIDTH_B                            ; 1                                                                                       ;
;     -- NUMWORDS_B                         ; 1                                                                                       ;
;     -- ADDRESS_REG_B                      ; CLOCK1                                                                                  ;
;     -- OUTDATA_REG_B                      ; UNREGISTERED                                                                            ;
;     -- RAM_BLOCK_TYPE                     ; AUTO                                                                                    ;
;     -- READ_DURING_WRITE_MODE_MIXED_PORTS ; DONT_CARE                                                                               ;
+-------------------------------------------+-----------------------------------------------------------------------------------------+


+-------------------------------------------------------------------------------------------------------------------------------------------------------------------------------+
; Port Connectivity Checks: "layerRamCache:inst_layerCache|sdram_cache:inst_cacheMem"                                                                                           ;
+---------+-------+----------+--------------------------------------------------------------------------------------------------------------------------------------------------+
; Port    ; Type  ; Severity ; Details                                                                                                                                          ;
+---------+-------+----------+--------------------------------------------------------------------------------------------------------------------------------------------------+
; address ; Input ; Warning  ; Input port expression (7 bits) is smaller than the input port (10 bits) it drives.  Extra input bit(s) "address[9..7]" will be connected to GND. ;
+---------+-------+----------+--------------------------------------------------------------------------------------------------------------------------------------------------+


+---------------------------------------------------------------------------------------------------------------------------------------------------------------------------------------------------------------------------+
; Port Connectivity Checks: "layerRamCache:inst_layerCache"                                                                                                                                                                 ;
+--------------------+--------+----------+----------------------------------------------------------------------------------------------------------------------------------------------------------------------------------+
; Port               ; Type   ; Severity ; Details                                                                                                                                                                          ;
+--------------------+--------+----------+----------------------------------------------------------------------------------------------------------------------------------------------------------------------------------+
; layer              ; Input  ; Warning  ; Input port expression (6 bits) is wider than the input port (5 bits) it drives.  The 1 most-significant bit(s) in the expression will be dangling if they have no other fanouts. ;
; cacheAddressOffset ; Output ; Warning  ; Declared by entity but not connected by instance. Logic that only feeds a dangling port will be removed.                                                                         ;
; testOut            ; Output ; Warning  ; Declared by entity but not connected by instance. Logic that only feeds a dangling port will be removed.                                                                         ;
+--------------------+--------+----------+----------------------------------------------------------------------------------------------------------------------------------------------------------------------------------+


+-----------------------------------------------------+
; Post-Synthesis Netlist Statistics for Top Partition ;
+-----------------------+-----------------------------+
; Type                  ; Count                       ;
+-----------------------+-----------------------------+
; boundary_port         ; 125                         ;
; cycloneiii_ff         ; 1081                        ;
;     CLR               ; 8                           ;
;     ENA               ; 41                          ;
;     ENA CLR           ; 968                         ;
;     ENA CLR SLD       ; 24                          ;
;     ENA SCLR          ; 1                           ;
;     ENA SLD           ; 2                           ;
;     SCLR              ; 26                          ;
;     SLD               ; 4                           ;
;     plain             ; 7                           ;
; cycloneiii_io_obuf    ; 16                          ;
; cycloneiii_lcell_comb ; 1180                        ;
;     arith             ; 124                         ;
;         1 data inputs ; 1                           ;
;         2 data inputs ; 31                          ;
;         3 data inputs ; 92                          ;
;     normal            ; 1056                        ;
;         0 data inputs ; 2                           ;
;         1 data inputs ; 4                           ;
;         2 data inputs ; 54                          ;
;         3 data inputs ; 193                         ;
;         4 data inputs ; 803                         ;
; cycloneiii_ram_block  ; 16                          ;
;                       ;                             ;
; Max LUT depth         ; 15.50                       ;
; Average LUT depth     ; 9.93                        ;
+-----------------------+-----------------------------+


+-------------------------------+
; Elapsed Time Per Partition    ;
+----------------+--------------+
; Partition Name ; Elapsed Time ;
+----------------+--------------+
; Top            ; 00:00:02     ;
+----------------+--------------+


+-------------------------------+
; Analysis & Synthesis Messages ;
+-------------------------------+
Info: *******************************************************************
Info: Running Quartus Prime Analysis & Synthesis
    Info: Version 19.1.0 Build 670 09/22/2019 Patches 0.02std SJ Lite Edition
    Info: Processing started: Sun Aug 02 17:18:02 2020
Info: Command: quartus_map --read_settings_files=on --write_settings_files=off gpu -c gpu
Info (20030): Parallel compilation is enabled and will use 12 of the 12 processors detected
Info (12021): Found 1 design units, including 1 entities, in source file pipe_4_layerram/layerramcache.sv
    Info (12023): Found entity 1: layerRamCache File: D:/sparkboxHD/gpu_sv/pipe_4_layerRam/layerRamCache.sv Line: 1
Info (12021): Found 1 design units, including 1 entities, in source file pipe_6_palette/palettemem.sv
    Info (12023): Found entity 1: paletteMem File: D:/sparkboxHD/gpu_sv/pipe_6_palette/paletteMem.sv Line: 1
Info (12021): Found 1 design units, including 1 entities, in source file unit tests/layerregisters/simlayerheadertest.sv
    Info (12023): Found entity 1: simLayerHeaderTest File: D:/sparkboxHD/gpu_sv/unit tests/layerRegisters/simLayerHeaderTest.sv Line: 1
Info (12021): Found 1 design units, including 1 entities, in source file ip/sdram/sdram_controller.v
    Info (12023): Found entity 1: sdram_controller File: D:/sparkboxHD/gpu_sv/ip/sdram/sdram_controller.v Line: 25
Info (12021): Found 1 design units, including 1 entities, in source file unit tests/lcdpixelwriter/fpgalcdtester.sv
    Info (12023): Found entity 1: fpgaLcdTester File: D:/sparkboxHD/gpu_sv/unit tests/lcdPixelWriter/fpgaLcdTester.sv Line: 1
Info (12021): Found 1 design units, including 1 entities, in source file interfaces/lcdbus.sv
    Info (12023): Found entity 1: lcdBus File: D:/sparkboxHD/gpu_sv/interfaces/lcdBus.sv Line: 2
Info (12021): Found 1 design units, including 1 entities, in source file pipe_7_lcdcontroller/lcdpixelwriter.sv
    Info (12023): Found entity 1: lcdPixelWriter File: D:/sparkboxHD/gpu_sv/pipe_7_lcdController/lcdPixelWriter.sv Line: 1
Info (12021): Found 1 design units, including 1 entities, in source file unit tests/lcdpixelwriter/simlcdtester.sv
    Info (12023): Found entity 1: simLcdTester File: D:/sparkboxHD/gpu_sv/unit tests/lcdPixelWriter/simLcdTester.sv Line: 1
Info (12021): Found 1 design units, including 1 entities, in source file unit tests/sdram/fpgaramtester.sv
    Info (12023): Found entity 1: fpgaRamTester File: D:/sparkboxHD/gpu_sv/unit tests/sdram/fpgaRamTester.sv Line: 1
Info (12021): Found 1 design units, including 1 entities, in source file pipe_1_pixelcounter/pixelcounter.sv
    Info (12023): Found entity 1: pixelCounter File: D:/sparkboxHD/gpu_sv/pipe_1_pixelCounter/pixelCounter.sv Line: 1
Info (12021): Found 1 design units, including 1 entities, in source file pipe_2_layerheaders/layerregistermemory.sv
    Info (12023): Found entity 1: layerRegisterMemory File: D:/sparkboxHD/gpu_sv/pipe_2_layerHeaders/layerRegisterMemory.sv Line: 1
Info (12021): Found 1 design units, including 1 entities, in source file pipe_2_layerheaders/layerregisters.sv
    Info (12023): Found entity 1: layerRegisters File: D:/sparkboxHD/gpu_sv/pipe_2_layerHeaders/layerRegisters.sv Line: 1
Info (12021): Found 1 design units, including 1 entities, in source file pipe_3_alu/addresscalculationunit.sv
    Info (12023): Found entity 1: addressCalculationUnit File: D:/sparkboxHD/gpu_sv/pipe_3_alu/addressCalculationUnit.sv Line: 1
Info (12021): Found 1 design units, including 1 entities, in source file pipe_3_alu/ramaddresscalc.sv
    Info (12023): Found entity 1: ramAddressCalc File: D:/sparkboxHD/gpu_sv/pipe_3_alu/ramAddressCalc.sv Line: 1
Info (12021): Found 1 design units, including 1 entities, in source file pipe_3_alu/flashaddresscalc.sv
    Info (12023): Found entity 1: flashAddressCalc File: D:/sparkboxHD/gpu_sv/pipe_3_alu/flashAddressCalc.sv Line: 1
Info (12021): Found 1 design units, including 1 entities, in source file pipe_3_alu/calculationunitbase.sv
    Info (12023): Found entity 1: calculationUnitBase File: D:/sparkboxHD/gpu_sv/pipe_3_alu/calculationUnitBase.sv Line: 1
Info (12021): Found 1 design units, including 1 entities, in source file unit tests/alu/alusim.sv
    Info (12023): Found entity 1: aluSim File: D:/sparkboxHD/gpu_sv/unit tests/alu/aluSim.sv Line: 1
Info (12021): Found 1 design units, including 1 entities, in source file pipe_4_layerram/layerramtop.sv
    Info (12023): Found entity 1: layerRamTop File: D:/sparkboxHD/gpu_sv/pipe_4_layerRam/layerRamTop.sv Line: 1
Info (12021): Found 1 design units, including 1 entities, in source file ip/fifo/pixelfifo.v
    Info (12023): Found entity 1: pixelFifo File: D:/sparkboxHD/gpu_sv/ip/fifo/pixelFifo.v Line: 40
Info (12021): Found 1 design units, including 1 entities, in source file ip/sdram/sdram_cache.v
    Info (12023): Found entity 1: sdram_cache File: D:/sparkboxHD/gpu_sv/ip/sdram/sdram_cache.v Line: 40
Info (12127): Elaborating entity "layerRamTop" for the top level hierarchy
Warning (10230): Verilog HDL assignment warning at layerRamTop.sv(62): truncated value with size 32 to match size of target (24) File: D:/sparkboxHD/gpu_sv/pipe_4_layerRam/layerRamTop.sv Line: 62
Warning (10230): Verilog HDL assignment warning at layerRamTop.sv(71): truncated value with size 32 to match size of target (24) File: D:/sparkboxHD/gpu_sv/pipe_4_layerRam/layerRamTop.sv Line: 71
Warning (10230): Verilog HDL assignment warning at layerRamTop.sv(93): truncated value with size 32 to match size of target (25) File: D:/sparkboxHD/gpu_sv/pipe_4_layerRam/layerRamTop.sv Line: 93
Warning (10230): Verilog HDL assignment warning at layerRamTop.sv(97): truncated value with size 32 to match size of target (24) File: D:/sparkboxHD/gpu_sv/pipe_4_layerRam/layerRamTop.sv Line: 97
Warning (10230): Verilog HDL assignment warning at layerRamTop.sv(156): truncated value with size 32 to match size of target (3) File: D:/sparkboxHD/gpu_sv/pipe_4_layerRam/layerRamTop.sv Line: 156
Warning (10230): Verilog HDL assignment warning at layerRamTop.sv(180): truncated value with size 25 to match size of target (24) File: D:/sparkboxHD/gpu_sv/pipe_4_layerRam/layerRamTop.sv Line: 180
Info (12128): Elaborating entity "layerRamCache" for hierarchy "layerRamCache:inst_layerCache" File: D:/sparkboxHD/gpu_sv/pipe_4_layerRam/layerRamTop.sv Line: 198
Info (12128): Elaborating entity "sdram_cache" for hierarchy "layerRamCache:inst_layerCache|sdram_cache:inst_cacheMem" File: D:/sparkboxHD/gpu_sv/pipe_4_layerRam/layerRamCache.sv Line: 71
Info (12128): Elaborating entity "altsyncram" for hierarchy "layerRamCache:inst_layerCache|sdram_cache:inst_cacheMem|altsyncram:altsyncram_component" File: D:/sparkboxHD/gpu_sv/ip/sdram/sdram_cache.v Line: 86
Info (12130): Elaborated megafunction instantiation "layerRamCache:inst_layerCache|sdram_cache:inst_cacheMem|altsyncram:altsyncram_component" File: D:/sparkboxHD/gpu_sv/ip/sdram/sdram_cache.v Line: 86
Info (12133): Instantiated megafunction "layerRamCache:inst_layerCache|sdram_cache:inst_cacheMem|altsyncram:altsyncram_component" with the following parameter: File: D:/sparkboxHD/gpu_sv/ip/sdram/sdram_cache.v Line: 86
    Info (12134): Parameter "clock_enable_input_a" = "BYPASS"
    Info (12134): Parameter "clock_enable_output_a" = "BYPASS"
    Info (12134): Parameter "intended_device_family" = "Cyclone IV E"
    Info (12134): Parameter "lpm_hint" = "ENABLE_RUNTIME_MOD=NO"
    Info (12134): Parameter "lpm_type" = "altsyncram"
    Info (12134): Parameter "numwords_a" = "1024"
    Info (12134): Parameter "operation_mode" = "SINGLE_PORT"
    Info (12134): Parameter "outdata_aclr_a" = "NONE"
    Info (12134): Parameter "outdata_reg_a" = "UNREGISTERED"
    Info (12134): Parameter "power_up_uninitialized" = "FALSE"
    Info (12134): Parameter "read_during_write_mode_port_a" = "NEW_DATA_NO_NBE_READ"
    Info (12134): Parameter "widthad_a" = "10"
    Info (12134): Parameter "width_a" = "16"
    Info (12134): Parameter "width_byteena_a" = "1"
Info (12021): Found 1 design units, including 1 entities, in source file db/altsyncram_99g1.tdf
    Info (12023): Found entity 1: altsyncram_99g1 File: D:/sparkboxHD/gpu_sv/db/altsyncram_99g1.tdf Line: 28
Info (12128): Elaborating entity "altsyncram_99g1" for hierarchy "layerRamCache:inst_layerCache|sdram_cache:inst_cacheMem|altsyncram:altsyncram_component|altsyncram_99g1:auto_generated" File: c:/intelfpga_lite/19.1/quartus/libraries/megafunctions/altsyncram.tdf Line: 792
Info (12128): Elaborating entity "sdram_controller" for hierarchy "sdram_controller:inst_sdram" File: D:/sparkboxHD/gpu_sv/pipe_4_layerRam/layerRamTop.sv Line: 229
Warning (12241): 2 hierarchies have connectivity warnings - see the Connectivity Checks report folder
Warning (13024): Output pins are stuck at VCC or GND
    Warning (13410): Pin "sdram_cke" is stuck at VCC File: D:/sparkboxHD/gpu_sv/pipe_4_layerRam/layerRamTop.sv Line: 27
    Warning (13410): Pin "sdram_cs_n" is stuck at GND File: D:/sparkboxHD/gpu_sv/pipe_4_layerRam/layerRamTop.sv Line: 31
Info (286030): Timing-Driven Synthesis is running
Info (17049): 10 registers lost all their fanouts during netlist optimizations.
Info (17036): Removed 3 MSB VCC or GND address nodes from RAM block "layerRamCache:inst_layerCache|sdram_cache:inst_cacheMem|altsyncram:altsyncram_component|altsyncram_99g1:auto_generated|ALTSYNCRAM" File: D:/sparkboxHD/gpu_sv/db/altsyncram_99g1.tdf Line: 33
Warning (20013): Ignored 24 assignments for entity "lcdTester" -- entity does not exist in design
    Warning (20014): Assignment for entity set_instance_assignment -name PARTITION_HIERARCHY root_partition -to | -entity lcdTester -section_id Top was ignored
    Warning (20014): Assignment for entity set_global_assignment -name PARTITION_NETLIST_TYPE SOURCE -entity lcdTester -section_id Top was ignored
    Warning (20014): Assignment for entity set_global_assignment -name PARTITION_FITTER_PRESERVATION_LEVEL PLACEMENT_AND_ROUTING -entity lcdTester -section_id Top was ignored
    Warning (20014): Assignment for entity set_global_assignment -name PARTITION_PRESERVE_HIGH_SPEED_TILES ON -entity lcdTester -section_id Top was ignored
    Warning (20014): Assignment for entity set_global_assignment -name PARTITION_IGNORE_SOURCE_FILE_CHANGES OFF -entity lcdTester -section_id Top was ignored
    Warning (20014): Assignment for entity set_global_assignment -name PARTITION_ALWAYS_USE_QXP_NETLIST OFF -entity lcdTester -section_id Top was ignored
    Warning (20014): Assignment for entity set_global_assignment -name PARTITION_COLOR 16764057 -entity lcdTester -section_id Top was ignored
    Warning (20014): Assignment for entity set_global_assignment -name PARTITION_IMPORT_ASSIGNMENTS ON -entity lcdTester -section_id Top was ignored
    Warning (20014): Assignment for entity set_global_assignment -name PARTITION_IMPORT_EXISTING_ASSIGNMENTS REPLACE_CONFLICTING -entity lcdTester -section_id Top was ignored
    Warning (20014): Assignment for entity set_global_assignment -name PARTITION_IMPORT_EXISTING_LOGICLOCK_REGIONS UPDATE_CONFLICTING -entity lcdTester -section_id Top was ignored
    Warning (20014): Assignment for entity set_global_assignment -name PARTITION_IMPORT_PIN_ASSIGNMENTS ON -entity lcdTester -section_id Top was ignored
    Warning (20014): Assignment for entity set_global_assignment -name PARTITION_IMPORT_PROMOTE_ASSIGNMENTS ON -entity lcdTester -section_id Top was ignored
    Warning (20014): Assignment for entity set_global_assignment -name PARTITION_TYPE STANDARD_PARTITION -entity lcdTester -section_id Top was ignored
    Warning (20014): Assignment for entity set_global_assignment -name ALLOW_MULTIPLE_PERSONAS OFF -entity lcdTester -section_id Top was ignored
    Warning (20014): Assignment for entity set_global_assignment -name PARTITION_ASD_REGION_ID 1 -entity lcdTester -section_id Top was ignored
    Warning (20014): Assignment for entity set_global_assignment -name CROSS_BOUNDARY_OPTIMIZATIONS OFF -entity lcdTester -section_id Top was ignored
    Warning (20014): Assignment for entity set_global_assignment -name PROPAGATE_CONSTANTS_ON_INPUTS ON -entity lcdTester -section_id Top was ignored
    Warning (20014): Assignment for entity set_global_assignment -name PROPAGATE_INVERSIONS_ON_INPUTS ON -entity lcdTester -section_id Top was ignored
    Warning (20014): Assignment for entity set_global_assignment -name REMOVE_LOGIC_ON_UNCONNECTED_OUTPUTS ON -entity lcdTester -section_id Top was ignored
    Warning (20014): Assignment for entity set_global_assignment -name MERGE_EQUIVALENT_INPUTS ON -entity lcdTester -section_id Top was ignored
    Warning (20014): Assignment for entity set_global_assignment -name MERGE_EQUIVALENT_BIDIRS ON -entity lcdTester -section_id Top was ignored
    Warning (20014): Assignment for entity set_global_assignment -name ABSORB_PATHS_FROM_OUTPUTS_TO_INPUTS ON -entity lcdTester -section_id Top was ignored
    Warning (20014): Assignment for entity set_global_assignment -name PARTITION_EXTRACT_HARD_BLOCK_NODES ON -entity lcdTester -section_id Top was ignored
    Warning (20014): Assignment for entity set_global_assignment -name PARTITION_ENABLE_STRICT_PRESERVATION OFF -entity lcdTester -section_id Top was ignored
Info (144001): Generated suppressed messages file D:/sparkboxHD/gpu_sv/output_files/gpu.map.smsg
Info (16010): Generating hard_block partition "hard_block:auto_generated_inst"
    Info (16011): Adding 0 node(s), including 0 DDIO, 0 PLL, 0 transceiver and 0 LCELL
Warning (21074): Design contains 7 input pin(s) that do not drive logic
    Warning (15610): No output dependent on input pin "pipe_layer[5]" File: D:/sparkboxHD/gpu_sv/pipe_4_layerRam/layerRamTop.sv Line: 16
    Warning (15610): No output dependent on input pin "pipe_layerId[3]" File: D:/sparkboxHD/gpu_sv/pipe_4_layerRam/layerRamTop.sv Line: 17
    Warning (15610): No output dependent on input pin "pipe_layerId[4]" File: D:/sparkboxHD/gpu_sv/pipe_4_layerRam/layerRamTop.sv Line: 17
    Warning (15610): No output dependent on input pin "pipe_layerId[5]" File: D:/sparkboxHD/gpu_sv/pipe_4_layerRam/layerRamTop.sv Line: 17
    Warning (15610): No output dependent on input pin "pipe_layerId[6]" File: D:/sparkboxHD/gpu_sv/pipe_4_layerRam/layerRamTop.sv Line: 17
    Warning (15610): No output dependent on input pin "pipe_layerId[7]" File: D:/sparkboxHD/gpu_sv/pipe_4_layerRam/layerRamTop.sv Line: 17
    Warning (15610): No output dependent on input pin "pipe_addr_bytes[0]" File: D:/sparkboxHD/gpu_sv/pipe_4_layerRam/layerRamTop.sv Line: 18
Info (21057): Implemented 2285 device resources after synthesis - the final resource count might be different
    Info (21058): Implemented 69 input pins
    Info (21059): Implemented 40 output pins
    Info (21060): Implemented 16 bidirectional pins
    Info (21061): Implemented 2144 logic cells
    Info (21064): Implemented 16 RAM segments
Info: Quartus Prime Analysis & Synthesis was successful. 0 errors, 43 warnings
    Info: Peak virtual memory: 4844 megabytes
    Info: Processing ended: Sun Aug 02 17:18:11 2020
    Info: Elapsed time: 00:00:09
    Info: Total CPU time (on all processors): 00:00:16


+------------------------------------------+
; Analysis & Synthesis Suppressed Messages ;
+------------------------------------------+
The suppressed messages can be found in D:/sparkboxHD/gpu_sv/output_files/gpu.map.smsg.


