EDA Netlist Writer report for gpu
Sun Aug 09 16:31:25 2020
Quartus Prime Version 19.1.0 Build 670 09/22/2019 Patches 0.02std SJ Lite Edition


---------------------
; Table of Contents ;
---------------------
  1. Legal Notice
  2. EDA Netlist Writer Summary
  3. Simulation Settings
  4. Simulation Generated Files
  5. Board-Level Settings
  6. Board-Level Generated Files
  7. EDA Netlist Writer Messages



----------------
; Legal Notice ;
----------------
Copyright (C) 2019  Intel Corporation. All rights reserved.
Your use of Intel Corporation's design tools, logic functions 
and other software and tools, and any partner logic 
functions, and any output files from any of the foregoing 
(including device programming or simulation files), and any 
associated documentation or information are expressly subject 
to the terms and conditions of the Intel Program License 
Subscription Agreement, the Intel Quartus Prime License Agreement,
the Intel FPGA IP License Agreement, or other applicable license
agreement, including, without limitation, that your use is for
the sole purpose of programming logic devices manufactured by
Intel and sold by Intel or its authorized distributors.  Please
refer to the applicable agreement for further details, at
https://fpgasoftware.intel.com/eula.



+------------------------------------------------------------------------------+
; EDA Netlist Writer Summary                                                   ;
+--------------------------------------+---------------------------------------+
; EDA Netlist Writer Status            ; Successful - Sun Aug 09 16:31:25 2020 ;
; Revision Name                        ; gpu                                   ;
; Top-level Entity Name                ; fpgaLcdLoadingtester                  ;
; Family                               ; Cyclone IV E                          ;
; Simulation Files Creation            ; Successful                            ;
; Board Timing Analysis Files Creation ; Successful                            ;
+--------------------------------------+---------------------------------------+


+------------------------------------------------------------------------------------------------------------------------------+
; Simulation Settings                                                                                                          ;
+---------------------------------------------------------------------------------------------------+--------------------------+
; Option                                                                                            ; Setting                  ;
+---------------------------------------------------------------------------------------------------+--------------------------+
; Tool Name                                                                                         ; ModelSim (SystemVerilog) ;
; Generate functional simulation netlist                                                            ; On                       ;
; Truncate long hierarchy paths                                                                     ; Off                      ;
; Map illegal HDL characters                                                                        ; Off                      ;
; Flatten buses into individual nodes                                                               ; Off                      ;
; Maintain hierarchy                                                                                ; Off                      ;
; Bring out device-wide set/reset signals as ports                                                  ; Off                      ;
; Enable glitch filtering                                                                           ; Off                      ;
; Do not write top level VHDL entity                                                                ; Off                      ;
; Disable detection of setup and hold time violations in the input registers of bi-directional pins ; Off                      ;
; Architecture name in VHDL output netlist                                                          ; structure                ;
; Generate third-party EDA tool command script for RTL functional simulation                        ; Off                      ;
; Generate third-party EDA tool command script for gate-level simulation                            ; Off                      ;
+---------------------------------------------------------------------------------------------------+--------------------------+


+--------------------------------------------+
; Simulation Generated Files                 ;
+--------------------------------------------+
; Generated Files                            ;
+--------------------------------------------+
; D:/sparkboxGPU/simulation/modelsim/gpu.svo ;
+--------------------------------------------+


+----------------------------------------+
; Board-Level Settings                   ;
+------------------------------+---------+
; Option                       ; Setting ;
+------------------------------+---------+
; Board Timing Analysis Format ; STAMP   ;
+------------------------------+---------+


+------------------------------------------------------------------------------------------------+
; Board-Level Generated Files                                                                    ;
+------------------------------------------------------------------------------------------------+
; Generated Files                                                                                ;
+------------------------------------------------------------------------------------------------+
; Board Timing Analysis                                                                          ;
;     D:/sparkboxGPU/timing/stamp/D:/sparkboxGPU/timing/stamp//gpu_6_1200mv_85c_board_slow.mod   ;
;     D:/sparkboxGPU/timing/stamp/D:/sparkboxGPU/timing/stamp//gpu_6_1200mv_85c_board_slow.data  ;
;     D:/sparkboxGPU/timing/stamp/D:/sparkboxGPU/timing/stamp//gpu_6_1200mv_0c_board_slow.mod    ;
;     D:/sparkboxGPU/timing/stamp/D:/sparkboxGPU/timing/stamp//gpu_6_1200mv_0c_board_slow.data   ;
;     D:/sparkboxGPU/timing/stamp/D:/sparkboxGPU/timing/stamp//gpu_min_1200mv_0c_board_fast.mod  ;
;     D:/sparkboxGPU/timing/stamp/D:/sparkboxGPU/timing/stamp//gpu_min_1200mv_0c_board_fast.data ;
;     D:/sparkboxGPU/timing/stamp/D:/sparkboxGPU/timing/stamp//gpu_board.mod                     ;
;     D:/sparkboxGPU/timing/stamp/D:/sparkboxGPU/timing/stamp//gpu_board.data                    ;
+------------------------------------------------------------------------------------------------+


+-----------------------------+
; EDA Netlist Writer Messages ;
+-----------------------------+
Info: *******************************************************************
Info: Running Quartus Prime EDA Netlist Writer
    Info: Version 19.1.0 Build 670 09/22/2019 Patches 0.02std SJ Lite Edition
    Info: Processing started: Sun Aug 09 16:31:25 2020
Info: Command: quartus_eda --read_settings_files=off --write_settings_files=off gpu -c gpu
Info (204019): Generated file gpu.svo in folder "D:/sparkboxGPU/simulation/modelsim/" for EDA simulation tool
Info (199047): Generated files "D:/sparkboxGPU/timing/stamp//gpu_6_1200mv_85c_board_slow.mod" and "D:/sparkboxGPU/timing/stamp//gpu_6_1200mv_85c_board_slow.data"
Info (199047): Generated files "D:/sparkboxGPU/timing/stamp//gpu_6_1200mv_0c_board_slow.mod" and "D:/sparkboxGPU/timing/stamp//gpu_6_1200mv_0c_board_slow.data"
Info (199047): Generated files "D:/sparkboxGPU/timing/stamp//gpu_min_1200mv_0c_board_fast.mod" and "D:/sparkboxGPU/timing/stamp//gpu_min_1200mv_0c_board_fast.data"
Info (199047): Generated files "D:/sparkboxGPU/timing/stamp//gpu_board.mod" and "D:/sparkboxGPU/timing/stamp//gpu_board.data"
Info: Quartus Prime EDA Netlist Writer was successful. 0 errors, 0 warnings
    Info: Peak virtual memory: 4652 megabytes
    Info: Processing ended: Sun Aug 09 16:31:25 2020
    Info: Elapsed time: 00:00:00
    Info: Total CPU time (on all processors): 00:00:01


